# JRE version: Java(TM) SE Runtime Environment (16.0.2+7) (build 16.0.2+7-67)
# Java VM: Java HotSpot(TM) 64-Bit Server VM (16.0.2+7-67, mixed mode, sharing, tiered, compressed oops, compressed class ptrs, g1 gc, windows-amd64)
GC Precious Log:
 CPUs: 4 total, 4 available
 Memory: 8079M
 Large Page Support: Disabled
 NUMA Support: Disabled
 Compressed Oops: Enabled (32-bit)
 Heap Region Size: 1M
 Heap Min Capacity: 8M
 Heap Initial Capacity: 128M
 Heap Max Capacity: 2020M
 Pre-touch: Disabled
 Parallel Workers: 4
 Concurrent Workers: 1
 Concurrent Refinement Workers: 4
 Periodic GC: Disabled
Heap:
 garbage-first heap   total 131072K, used 34283K [0x0000000081c00000, 0x0000000100000000)
  region size 1024K, 4 young (4096K), 1 survivors (1024K)
 Metaspace       used 28660K, committed 28864K, reserved 1081344K
  class space    used 2454K, committed 2560K, reserved 1048576K
GC Heap History (20 events):
Event: 60.255 GC heap before
{Heap before GC invocations=21 (full 0):
 garbage-first heap   total 131072K, used 74856K [0x0000000081c00000, 0x0000000100000000)
  region size 1024K, 18 young (18432K), 3 survivors (3072K)
 Metaspace       used 24703K, committed 24832K, reserved 1073152K
  class space    used 1922K, committed 1984K, reserved 1048576K
}
Event: 60.258 GC heap after
{Heap after GC invocations=22 (full 0):
 garbage-first heap   total 131072K, used 54372K [0x0000000081c00000, 0x0000000100000000)
  region size 1024K, 3 young (3072K), 3 survivors (3072K)
 Metaspace       used 24703K, committed 24832K, reserved 1073152K
  class space    used 1922K, committed 1984K, reserved 1048576K
}
Event: 61.155 GC heap before
{Heap before GC invocations=22 (full 0):
 garbage-first heap   total 131072K, used 63588K [0x0000000081c00000, 0x0000000100000000)
  region size 1024K, 7 young (7168K), 3 survivors (3072K)
 Metaspace       used 24704K, committed 24832K, reserved 1073152K
  class space    used 1922K, committed 1984K, reserved 1048576K
}
Event: 61.159 GC heap after
{Heap after GC invocations=23 (full 0):
 garbage-first heap   total 131072K, used 31852K [0x0000000081c00000, 0x0000000100000000)
  region size 1024K, 3 young (3072K), 3 survivors (3072K)
 Metaspace       used 24704K, committed 24832K, reserved 1073152K
  class space    used 1922K, committed 1984K, reserved 1048576K
}
Event: 65.440 GC heap before
{Heap before GC invocations=23 (full 0):
 garbage-first heap   total 131072K, used 74860K [0x0000000081c00000, 0x0000000100000000)
  region size 1024K, 18 young (18432K), 3 survivors (3072K)
 Metaspace       used 24786K, committed 24960K, reserved 1073152K
  class space    used 1923K, committed 1984K, reserved 1048576K
}
Event: 65.443 GC heap after
{Heap after GC invocations=24 (full 0):
 garbage-first heap   total 131072K, used 54506K [0x0000000081c00000, 0x0000000100000000)
  region size 1024K, 1 young (1024K), 1 survivors (1024K)
 Metaspace       used 24786K, committed 24960K, reserved 1073152K
  class space    used 1923K, committed 1984K, reserved 1048576K
}
Event: 66.087 GC heap before
{Heap before GC invocations=24 (full 0):
 garbage-first heap   total 131072K, used 60650K [0x0000000081c00000, 0x0000000100000000)
  region size 1024K, 4 young (4096K), 1 survivors (1024K)
 Metaspace       used 24788K, committed 24960K, reserved 1073152K
  class space    used 1923K, committed 1984K, reserved 1048576K
}
Event: 66.088 GC heap after
{Heap after GC invocations=25 (full 0):
 garbage-first heap   total 131072K, used 29837K [0x0000000081c00000, 0x0000000100000000)
  region size 1024K, 1 young (1024K), 1 survivors (1024K)
 Metaspace       used 24788K, committed 24960K, reserved 1073152K
  class space    used 1923K, committed 1984K, reserved 1048576K
}
Event: 70.287 GC heap before
{Heap before GC invocations=25 (full 0):
 garbage-first heap   total 131072K, used 68749K [0x0000000081c00000, 0x0000000100000000)
  region size 1024K, 12 young (12288K), 1 survivors (1024K)
 Metaspace       used 24851K, committed 25024K, reserved 1073152K
  class space    used 1923K, committed 1984K, reserved 1048576K
}
Event: 70.288 GC heap after
{Heap after GC invocations=26 (full 0):
 garbage-first heap   total 131072K, used 54338K [0x0000000081c00000, 0x0000000100000000)
  region size 1024K, 1 young (1024K), 1 survivors (1024K)
 Metaspace       used 24851K, committed 25024K, reserved 1073152K
  class space    used 1923K, committed 1984K, reserved 1048576K
}
Event: 70.917 GC heap before
{Heap before GC invocations=26 (full 0):
 garbage-first heap   total 131072K, used 60482K [0x0000000081c00000, 0x0000000100000000)
  region size 1024K, 4 young (4096K), 1 survivors (1024K)
 Metaspace       used 24887K, committed 25024K, reserved 1073152K
  class space    used 1923K, committed 1984K, reserved 1048576K
}
Event: 70.918 GC heap after
{Heap after GC invocations=27 (full 0):
 garbage-first heap   total 131072K, used 29719K [0x0000000081c00000, 0x0000000100000000)
  region size 1024K, 1 young (1024K), 1 survivors (1024K)
 Metaspace       used 24887K, committed 25024K, reserved 1073152K
  class space    used 1923K, committed 1984K, reserved 1048576K
}
Event: 75.656 GC heap before
{Heap before GC invocations=27 (full 0):
 garbage-first heap   total 131072K, used 76823K [0x0000000081c00000, 0x0000000100000000)
  region size 1024K, 20 young (20480K), 1 survivors (1024K)
 Metaspace       used 28458K, committed 28736K, reserved 1081344K
  class space    used 2438K, committed 2560K, reserved 1048576K
}
Event: 75.658 GC heap after
{Heap after GC invocations=28 (full 0):
 garbage-first heap   total 131072K, used 54762K [0x0000000081c00000, 0x0000000100000000)
  region size 1024K, 1 young (1024K), 1 survivors (1024K)
 Metaspace       used 28458K, committed 28736K, reserved 1081344K
  class space    used 2438K, committed 2560K, reserved 1048576K
}
Event: 76.314 GC heap before
{Heap before GC invocations=28 (full 0):
 garbage-first heap   total 131072K, used 60906K [0x0000000081c00000, 0x0000000100000000)
  region size 1024K, 4 young (4096K), 1 survivors (1024K)
 Metaspace       used 28473K, committed 28736K, reserved 1081344K
  class space    used 2438K, committed 2560K, reserved 1048576K
}
Event: 76.316 GC heap after
{Heap after GC invocations=29 (full 0):
 garbage-first heap   total 131072K, used 30153K [0x0000000081c00000, 0x0000000100000000)
  region size 1024K, 1 young (1024K), 1 survivors (1024K)
 Metaspace       used 28473K, committed 28736K, reserved 1081344K
  class space    used 2438K, committed 2560K, reserved 1048576K
}
Event: 80.759 GC heap before
{Heap before GC invocations=29 (full 0):
 garbage-first heap   total 131072K, used 71113K [0x0000000081c00000, 0x0000000100000000)
  region size 1024K, 15 young (15360K), 1 survivors (1024K)
 Metaspace       used 28635K, committed 28864K, reserved 1081344K
  class space    used 2451K, committed 2560K, reserved 1048576K
}
Event: 80.760 GC heap after
{Heap after GC invocations=30 (full 0):
 garbage-first heap   total 131072K, used 53805K [0x0000000081c00000, 0x0000000100000000)
  region size 1024K, 1 young (1024K), 1 survivors (1024K)
 Metaspace       used 28635K, committed 28864K, reserved 1081344K
  class space    used 2451K, committed 2560K, reserved 1048576K
}
Event: 81.275 GC heap before
{Heap before GC invocations=30 (full 0):
 garbage-first heap   total 131072K, used 59949K [0x0000000081c00000, 0x0000000100000000)
  region size 1024K, 4 young (4096K), 1 survivors (1024K)
 Metaspace       used 28657K, committed 28864K, reserved 1081344K
  class space    used 2454K, committed 2560K, reserved 1048576K
}
Event: 81.276 GC heap after
{Heap after GC invocations=31 (full 0):
 garbage-first heap   total 131072K, used 30187K [0x0000000081c00000, 0x0000000100000000)
  region size 1024K, 1 young (1024K), 1 survivors (1024K)
 Metaspace       used 28657K, committed 28864K, reserved 1081344K
  class space    used 2454K, committed 2560K, reserved 1048576K
}

